14:43:33 **** Build of configuration Debug for project gtest_Test ****
make all 
Building file: ../googletest-master/googletest/test/googletest-break-on-failure-unittest_.cc
Invoking: GCC C++ Compiler
g++ -O0 -g3 -Wall -c -fmessage-length=0 -MMD -MP -MF"googletest-master/googletest/test/googletest-break-on-failure-unittest_.d" -MT"googletest-master/googletest/test/googletest-break-on-failure-unittest_.o" -o "googletest-master/googletest/test/googletest-break-on-failure-unittest_.o" "../googletest-master/googletest/test/googletest-break-on-failure-unittest_.cc"
../googletest-master/googletest/test/googletest-break-on-failure-unittest_.cc:41:10: fatal error: gtest/gtest.h: No such file or directory
 #include "gtest/gtest.h"
          ^~~~~~~~~~~~~~~
googletest-master/googletest/test/subdir.mk:168: recipe for target 'googletest-master/googletest/test/googletest-break-on-failure-unittest_.o' failed
compilation terminated.
make: *** [googletest-master/googletest/test/googletest-break-on-failure-unittest_.o] Error 1

14:43:33 Build Finished (took 118ms)

