17:57:42 **** Incremental Build of configuration Debug for project mySTM32Project_googleTest ****
make -j12 all 
Building file: ../src/main.cpp
Invoking: GCC C++ Compiler
/mnt/6C62DEEA62DEB852/Playground/gtest_STM32_NUCLEO/mySTM32Project_googleTest/Debug
g++ -I"/mnt/6C62DEEA62DEB852/Playground/gtest_STM32_NUCLEO/mySTM32Project_googleTest/contrib" -I"/mnt/6C62DEEA62DEB852/Playground/gtest_STM32_NUCLEO/mySTM32Project_googleTest/UnitTest" -O0 -g3 -Wall -c -fmessage-length=0 -MMD -MP -MF"src/main.d" -MT"src/main.d" -o "src/main.o" "../src/main.cpp"
Finished building: ../src/main.cpp
 
Building target: mySTM32Project_googleTest.elf
Invoking: MCU GCC Linker
arm-none-eabi-gcc -mcpu=cortex-m4 -mthumb -mfloat-abi=hard -mfpu=fpv4-sp-d16 -T"/mnt/6C62DEEA62DEB852/Playground/gtest_STM32_NUCLEO/mySTM32Project_googleTest/LinkerScript.ld" -Wl,-Map=output.map -Wl,--gc-sections -o "mySTM32Project_googleTest.elf" @"objects.list"   -lm
src/main.o: file not recognized: File format not recognized
collect2: error: ld returned 1 exit status
makefile:50: recipe for target 'mySTM32Project_googleTest.elf' failed
make: *** [mySTM32Project_googleTest.elf] Error 1

17:57:42 Build Finished (took 724ms)

